<?xml version="1.0" encoding="UTF-8"?>
<!-- Generated by org.testng.reporters.JUnitXMLReporter -->
<testsuite ignored="1" hostname="QT-INBG-LT0222" failures="6" tests="6" name="Test1" time="61.043" errors="0" timestamp="2022-10-17T14:36:24 IST">
  <testcase classname="mobile.order" name="odr2" time="4.438">
    <failure type="java.lang.AssertionError" message="expected [https://mobileworld.banyanpro.com/order.html] but found [https://mobileworld.banyanpro.com/index.html]">
      <![CDATA[java.lang.AssertionError: expected [https://mobileworld.banyanpro.com/order.html] but found [https://mobileworld.banyanpro.com/index.html]
at mobile.order.odr2(order.java:52)
at java.base/java.util.ArrayList.forEach(ArrayList.java:1511)
... Removed 31 stack frames]]>
    </failure>
  </testcase> <!-- odr2 -->
  <testcase classname="mobile.order" name="odr2" time="4.624">
    <failure type="java.lang.AssertionError" message="expected [https://mobileworld.banyanpro.com/order.html] but found [https://mobileworld.banyanpro.com/index.html]">
      <![CDATA[java.lang.AssertionError: expected [https://mobileworld.banyanpro.com/order.html] but found [https://mobileworld.banyanpro.com/index.html]
at mobile.order.odr2(order.java:52)
at java.base/java.util.ArrayList.forEach(ArrayList.java:1511)
... Removed 31 stack frames]]>
    </failure>
  </testcase> <!-- odr2 -->
  <testcase classname="mobile.order" name="odr2" time="5.392">
    <failure type="java.lang.AssertionError" message="expected [https://mobileworld.banyanpro.com/order.html] but found [https://mobileworld.banyanpro.com/index.html]">
      <![CDATA[java.lang.AssertionError: expected [https://mobileworld.banyanpro.com/order.html] but found [https://mobileworld.banyanpro.com/index.html]
at mobile.order.odr2(order.java:52)
at java.base/java.util.ArrayList.forEach(ArrayList.java:1511)
... Removed 31 stack frames]]>
    </failure>
  </testcase> <!-- odr2 -->
  <testcase classname="mobile.order" name="odr2" time="6.575">
    <failure type="java.lang.AssertionError" message="expected [https://mobileworld.banyanpro.com/order.html] but found [https://mobileworld.banyanpro.com/index.html]">
      <![CDATA[java.lang.AssertionError: expected [https://mobileworld.banyanpro.com/order.html] but found [https://mobileworld.banyanpro.com/index.html]
at mobile.order.odr2(order.java:52)
at java.base/java.util.ArrayList.forEach(ArrayList.java:1511)
... Removed 31 stack frames]]>
    </failure>
  </testcase> <!-- odr2 -->
  <testcase classname="mobile.order" name="odr2" time="6.262">
    <failure type="java.lang.AssertionError" message="expected [https://mobileworld.banyanpro.com/order.html] but found [https://mobileworld.banyanpro.com/index.html]">
      <![CDATA[java.lang.AssertionError: expected [https://mobileworld.banyanpro.com/order.html] but found [https://mobileworld.banyanpro.com/index.html]
at mobile.order.odr2(order.java:52)
at java.base/java.util.ArrayList.forEach(ArrayList.java:1511)
... Removed 31 stack frames]]>
    </failure>
  </testcase> <!-- odr2 -->
  <testcase classname="mobile.order" name="odr2" time="6.127">
    <failure type="java.lang.AssertionError" message="expected [https://mobileworld.banyanpro.com/order.html] but found [https://mobileworld.banyanpro.com/index.html]">
      <![CDATA[java.lang.AssertionError: expected [https://mobileworld.banyanpro.com/order.html] but found [https://mobileworld.banyanpro.com/index.html]
at mobile.order.odr2(order.java:52)
at java.base/java.util.ArrayList.forEach(ArrayList.java:1511)
... Removed 31 stack frames]]>
    </failure>
  </testcase> <!-- odr2 -->
  <testcase classname="mobile.order" name="odr" time="0.0">
    <ignored/>
  </testcase> <!-- odr -->
</testsuite> <!-- Test1 -->
